Build started 12/11/2013 5:26:06 AM.
     1>Project "C:\Users\kelle_000\documents\visual studio 2010\Projects\MonopolyProject\MonopolyProject\MonopolyProject.vcxproj" on node 2 (build target(s)).
     1>InitializeBuildStatus:
         Creating "Debug\MonopolyProject.unsuccessfulbuild" because "AlwaysCreate" was specified.
       ClCompile:
         C:\Program Files (x86)\Microsoft Visual Studio 10.0\VC\bin\CL.exe /c /ZI /nologo /W3 /WX- /Od /Oy- /D _MBCS /Gm /EHsc /RTC1 /MDd /GS /fp:precise /Zc:wchar_t /Zc:forScope /Fo"Debug\\" /Fd"Debug\vc100.pdb" /Gd /TP /analyze- /errorReport:prompt ..\MonopolySource.cpp
         MonopolySource.cpp
     1>c:\users\kelle_000\documents\visual studio 2010\projects\monopolyproject\player.h(1): warning C4067: unexpected tokens following preprocessor directive - expected a newline
     1>c:\users\kelle_000\documents\visual studio 2010\projects\monopolyproject\monopolysource.cpp(87): warning C4018: '<' : signed/unsigned mismatch
     1>c:\users\kelle_000\documents\visual studio 2010\projects\monopolyproject\monopolysource.cpp(166): warning C4244: 'argument' : conversion from 'double' to 'int', possible loss of data
     1>c:\users\kelle_000\documents\visual studio 2010\projects\monopolyproject\monopolysource.cpp(185): warning C4244: 'argument' : conversion from 'time_t' to 'unsigned int', possible loss of data
     1>c:\users\kelle_000\documents\visual studio 2010\projects\monopolyproject\monopolysource.cpp(235): warning C4244: 'argument' : conversion from 'time_t' to 'unsigned int', possible loss of data
     1>c:\users\kelle_000\documents\visual studio 2010\projects\monopolyproject\monopolysource.cpp(291): warning C4244: 'argument' : conversion from 'time_t' to 'unsigned int', possible loss of data
       Link:
         C:\Program Files (x86)\Microsoft Visual Studio 10.0\VC\bin\link.exe /ERRORREPORT:PROMPT /OUT:"C:\Users\kelle_000\documents\visual studio 2010\Projects\MonopolyProject\Debug\MonopolyProject.exe" /NOLOGO kernel32.lib user32.lib gdi32.lib winspool.lib comdlg32.lib advapi32.lib shell32.lib ole32.lib oleaut32.lib uuid.lib odbc32.lib odbccp32.lib /MANIFEST /ManifestFile:"Debug\MonopolyProject.exe.intermediate.manifest" /MANIFESTUAC:"level='asInvoker' uiAccess='false'" /DEBUG /PDB:"C:\Users\kelle_000\documents\visual studio 2010\Projects\MonopolyProject\Debug\MonopolyProject.pdb" /SUBSYSTEM:CONSOLE /TLBID:1 /DYNAMICBASE /NXCOMPAT /IMPLIB:"C:\Users\kelle_000\documents\visual studio 2010\Projects\MonopolyProject\Debug\MonopolyProject.lib" /MACHINE:X86 Debug\Card.obj
         Debug\CardDeck.obj
         Debug\City.obj
         Debug\MonopolySource.obj
         Debug\Player.obj
         LINK : C:\Users\kelle_000\documents\visual studio 2010\Projects\MonopolyProject\Debug\MonopolyProject.exe not found or not built by the last incremental link; performing full link
         MonopolyProject.vcxproj -> C:\Users\kelle_000\documents\visual studio 2010\Projects\MonopolyProject\Debug\MonopolyProject.exe
       Manifest:
         C:\Program Files (x86)\Microsoft SDKs\Windows\v7.0A\bin\mt.exe /nologo /verbose /outputresource:"C:\Users\kelle_000\documents\visual studio 2010\Projects\MonopolyProject\Debug\MonopolyProject.exe;#1" /manifest Debug\MonopolyProject.exe.intermediate.manifest
       FinalizeBuildStatus:
         Deleting file "Debug\MonopolyProject.unsuccessfulbuild".
         Touching "Debug\MonopolyProject.lastbuildstate".
     1>Done Building Project "C:\Users\kelle_000\documents\visual studio 2010\Projects\MonopolyProject\MonopolyProject\MonopolyProject.vcxproj" (build target(s)).

Build succeeded.

Time Elapsed 00:00:01.13
